C51 COMPILER V8.02   MAIN                                                                  03/04/2008 19:46:50 PAGE 1   


C51 COMPILER V8.02, COMPILATION OF MODULE MAIN
OBJECT MODULE PLACED IN .\Bin\main.obj
COMPILER INVOKED BY: C:\Keil\C51\BIN\C51.EXE main.c BROWSE DEBUG OBJECTEXTEND OBJECT(.\Bin\main.obj)

line level    source

   1          #include ".\\nRF24L01\\nRF24L01.h"
   2          #include "def.h"
   3          
   4          void Delay(unsigned int s)
   5          {
   6   1              unsigned int i;
   7   1              for(i=0; i<s; i++);
   8   1              for(i=0; i<s; i++);
   9   1      }
  10          
  11          
  12          void main(void)
  13          {
  14   1              unsigned char leng =0;
  15   1              unsigned char tf =0;
  16   1              unsigned char TxBuf[20]={0};     // 
  17   1              unsigned char RxBuf[20]={0};    
  18   1      
  19   1          init_io() ;
  20   1      
  21   1              LED1 = 0;
  22   1              LED2 = 0;
  23   1              //TxBuf[0] = 8 ;
  24   1              TxBuf[1] = 1 ;
  25   1              TxBuf[2] = 1 ;
  26   1              nRF24L01_TxPacket(TxBuf);       // Transmit Tx buffer data
  27   1              Delay(6000);
  28   1              LED1 = 1;
  29   1          LED2 = 1;
  30   1      
  31   1              while(1)
  32   1              {
  33   2                  //SetRX_Mode();
  34   2              if(KEY1 ==0 ) 
  35   2                      {
  36   3                              LED1 = 0; 
  37   3                          TxBuf[1] = 1 ;
  38   3                          tf = 1 ; 
  39   3                              //while(KEY1 ==0);
  40   3                  }
  41   2                 if(KEY2 ==0 )
  42   2                 {
  43   3                              LED2 = 0;
  44   3                              TxBuf[2] = 1 ;
  45   3                              tf = 1 ; 
  46   3                              //while(KEY2 ==0);
  47   3                 }
  48   2      
  49   2                 if (tf==1)
  50   2             {        
  51   3                              nRF24L01_TxPacket(TxBuf);       // Transmit Tx buffer data
  52   3                              TxBuf[1] = 0x00;
  53   3                              TxBuf[2] = 0x00;
  54   3                              tf=0;
  55   3                              Delay(1000);
C51 COMPILER V8.02   MAIN                                                                  03/04/2008 19:46:50 PAGE 2   

  56   3                              LED1 = 1;
  57   3                              LED2 = 1;
  58   3      
  59   3                              //setRxMode();
  60   3                 }
  61   2      
  62   2                      SetRX_Mode();
  63   2                      if(nRF24L01_RxPacket(RxBuf))
  64   2                      {
  65   3                                                      
  66   3                              if(     RxBuf[1]==1)
  67   3                              {               
  68   4                                      LED1 = 0;
  69   4                              }
  70   3                              if(     RxBuf[2]==1)
  71   3                              {
  72   4                                      LED2 = 0;
  73   4                              }
  74   3                              Delay(1000);
  75   3                              LED1 = 1;
  76   3                              LED2 = 1;
  77   3                      }
  78   2      
  79   2                      RxBuf[1] = 0x00;
  80   2                      RxBuf[2] = 0x00;
  81   2              }
  82   1              
  83   1      }


MODULE INFORMATION:   STATIC OVERLAYABLE
   CODE SIZE        =    210    ----
   CONSTANT SIZE    =     40    ----
   XDATA SIZE       =   ----    ----
   PDATA SIZE       =   ----    ----
   DATA SIZE        =   ----      42
   IDATA SIZE       =   ----    ----
   BIT SIZE         =   ----    ----
END OF MODULE INFORMATION.


C51 COMPILATION COMPLETE.  0 WARNING(S),  0 ERROR(S)
